<?xml version="1.0" encoding="UTF-8"?>
<!-- Generated by org.testng.reporters.JUnitXMLReporter -->
<testsuite hostname="LenovoUser-PC" ignored="2" name="Test" tests="3" failures="0" timestamp="2020-05-04T12:16:32 IST" time="91.258" errors="0">
  <testcase name="createLead" time="24.03" classname="com.leafBot.testcases.TC003_CreateLead"/>
  <testcase name="createLead" time="17.613" classname="com.leafBot.testcases.TC003_CreateLead"/>
  <testcase name="editLead" time="20.983" classname="com.leafBot.testcases.TC004_EditLead"/>
  <testcase name="@AfterSuite stopReport" time="0.0" classname="utils.Reporter">
    <ignored/>
  </testcase> <!-- @AfterSuite stopReport -->
  <testcase name="@BeforeSuite startReport" time="0.0" classname="utils.Reporter">
    <ignored/>
  </testcase> <!-- @BeforeSuite startReport -->
</testsuite> <!-- Test -->
